[20:07:42] [20:07:40] Created a temporary folder for file contents /var/folders/nn/63tk2_d96mzf32qwypk1l7km0000gs/T/smithy-lsp5787791706565769474
[20:07:42] [20:07:41] [WorkspaceFolder [
  uri = "file:///Users/sofigarg/Desktop/opensearch-api-specification-1"
  name = "opensearch-api-specification-1"
]]
[20:07:42] [20:07:41] Recreating project from /Users/sofigarg/Desktop/opensearch-api-specification-1
[20:07:42] [20:07:41] Loaded build extensions SmithyBuildExtensions(repositories = [],artifacts = [], imports = []) from /Users/sofigarg/Desktop/opensearch-api-specification-1/smithy-build.json
[20:07:42] [20:07:41] Imports from config: [/Users/sofigarg/Desktop/opensearch-api-specification-1] will be resolved against root /Users/sofigarg/Desktop/opensearch-api-specification-1
[20:07:42] [20:07:41] Discovered smithy files: [/Users/sofigarg/Desktop/opensearch-api-specification-1/model/cat/indices/cat_indicies/operations.smithy, /Users/sofigarg/Desktop/opensearch-api-specification-1/model/cat/indices/cat_indicies/structures.smithy, /Users/sofigarg/Desktop/opensearch-api-specification-1/model/cat/nodes/cat_nodes/operations.smithy, /Users/sofigarg/Desktop/opensearch-api-specification-1/model/cat/nodes/cat_nodes/structures.smithy, /Users/sofigarg/Desktop/opensearch-api-specification-1/model/indices/delete/operations.smithy, /Users/sofigarg/Desktop/opensearch-api-specification-1/model/indices/delete/structures.smithy, /Users/sofigarg/Desktop/opensearch-api-specification-1/model/indices/create/operations.smithy, /Users/sofigarg/Desktop/opensearch-api-specification-1/model/indices/create/structures.smithy, /Users/sofigarg/Desktop/opensearch-api-specification-1/model/indices/put_mapping/operations.smithy, /Users/sofigarg/Desktop/opensearch-api-specification-1/model/indices/put_mapping/structures.smithy, /Users/sofigarg/Desktop/opensearch-api-specification-1/model/_global/ping/operations.smithy, /Users/sofigarg/Desktop/opensearch-api-specification-1/model/_global/ping/structures.smithy, /Users/sofigarg/Desktop/opensearch-api-specification-1/model/opensearch.smithy, /Users/sofigarg/Desktop/opensearch-api-specification-1/model/common_structures.smithy, /Users/sofigarg/Desktop/opensearch-api-specification-1/model/common_enums.smithy, /Users/sofigarg/Desktop/opensearch-api-specification-1/model/common_datatypes.smithy]
[20:07:42] [20:07:41] Downloading external dependencies for SmithyBuildExtensions(repositories = [],artifacts = [], imports = [])
[20:07:42] [20:07:42] Downloaded external jars: []
[20:07:42] [20:07:42] [ERROR] OpenSearch#OpenSearch: Unable to resolve trait `aws.protocols#restJson1`. If this is a custom trait, then it must be defined before it can be used in a model. | Model /Users/sofigarg/Desktop/opensearch-api-specification-1/model/opensearch.smithy:15:11
[20:07:42] Recreating project from /Users/sofigarg/Desktop/opensearch-api-specification-1
[20:07:42] Loaded build extensions SmithyBuildExtensions(repositories = [],artifacts = [], imports = []) from /Users/sofigarg/Desktop/opensearch-api-specification-1/smithy-build.json
[20:07:42] Imports from config: [/Users/sofigarg/Desktop/opensearch-api-specification-1] will be resolved against root /Users/sofigarg/Desktop/opensearch-api-specification-1
[20:07:42] Discovered smithy files: [/Users/sofigarg/Desktop/opensearch-api-specification-1/model/cat/indices/cat_indicies/operations.smithy, /Users/sofigarg/Desktop/opensearch-api-specification-1/model/cat/indices/cat_indicies/structures.smithy, /Users/sofigarg/Desktop/opensearch-api-specification-1/model/cat/nodes/cat_nodes/operations.smithy, /Users/sofigarg/Desktop/opensearch-api-specification-1/model/cat/nodes/cat_nodes/structures.smithy, /Users/sofigarg/Desktop/opensearch-api-specification-1/model/indices/delete/operations.smithy, /Users/sofigarg/Desktop/opensearch-api-specification-1/model/indices/delete/structures.smithy, /Users/sofigarg/Desktop/opensearch-api-specification-1/model/indices/create/operations.smithy, /Users/sofigarg/Desktop/opensearch-api-specification-1/model/indices/create/structures.smithy, /Users/sofigarg/Desktop/opensearch-api-specification-1/model/indices/put_mapping/operations.smithy, /Users/sofigarg/Desktop/opensearch-api-specification-1/model/indices/put_mapping/structures.smithy, /Users/sofigarg/Desktop/opensearch-api-specification-1/model/_global/ping/operations.smithy, /Users/sofigarg/Desktop/opensearch-api-specification-1/model/_global/ping/structures.smithy, /Users/sofigarg/Desktop/opensearch-api-specification-1/model/opensearch.smithy, /Users/sofigarg/Desktop/opensearch-api-specification-1/model/common_structures.smithy, /Users/sofigarg/Desktop/opensearch-api-specification-1/model/common_enums.smithy, /Users/sofigarg/Desktop/opensearch-api-specification-1/model/common_datatypes.smithy]
[20:07:42] Downloading external dependencies for SmithyBuildExtensions(repositories = [],artifacts = [], imports = [])
[20:07:42] Downloaded external jars: []
[20:07:42] [ERROR] OpenSearch#OpenSearch: Unable to resolve trait `aws.protocols#restJson1`. If this is a custom trait, then it must be defined before it can be used in a model. | Model /Users/sofigarg/Desktop/opensearch-api-specification-1/model/opensearch.smithy:15:11
[20:07:42] [ERROR] OpenSearch#OpenSearch: Unable to resolve trait `aws.protocols#restJson1`. If this is a custom trait, then it must be defined before it can be used in a model. | Model /Users/sofigarg/Desktop/opensearch-api-specification-1/model/opensearch.smithy:15:11
[20:07:42] Recompiling /Users/sofigarg/Desktop/opensearch-api-specification-1/model/common_structures.smithy (with temporary content Optional.empty) raised 1  diagnostics
[20:07:54] [ERROR] OpenSearch#OpenSearch: Unable to resolve trait `aws.protocols#restJson1`. If this is a custom trait, then it must be defined before it can be used in a model. | Model /Users/sofigarg/Desktop/opensearch-api-specification-1/model/opensearch.smithy:15:11
[20:07:54] Recompiling /Users/sofigarg/Desktop/opensearch-api-specification-1/model/common_enums.smithy (with temporary content Optional.empty) raised 1  diagnostics
[20:07:56] Hashed filename /Users/sofigarg/Desktop/opensearch-api-specification-1/model/common_enums.smithy into /var/folders/nn/63tk2_d96mzf32qwypk1l7km0000gs/T/smithy-lsp5787791706565769474/de6e4c3280a84590ccfc07add8325562.smithy
[20:07:56] [ERROR] OpenSearch#OpenSearch: Unable to resolve trait `aws.protocols#restJson1`. If this is a custom trait, then it must be defined before it can be used in a model. | Model /Users/sofigarg/Desktop/opensearch-api-specification-1/model/opensearch.smithy:15:11
[20:07:56] Recompiling /Users/sofigarg/Desktop/opensearch-api-specification-1/model/common_enums.smithy (with temporary content Optional[/var/folders/nn/63tk2_d96mzf32qwypk1l7km0000gs/T/smithy-lsp5787791706565769474/de6e4c3280a84590ccfc07add8325562.smithy]) raised 1  diagnostics
[20:07:56] Hashed filename /Users/sofigarg/Desktop/opensearch-api-specification-1/model/common_enums.smithy into /var/folders/nn/63tk2_d96mzf32qwypk1l7km0000gs/T/smithy-lsp5787791706565769474/de6e4c3280a84590ccfc07add8325562.smithy
[20:07:56] [ERROR] OpenSearch#OpenSearch: Unable to resolve trait `aws.protocols#restJson1`. If this is a custom trait, then it must be defined before it can be used in a model. | Model /Users/sofigarg/Desktop/opensearch-api-specification-1/model/opensearch.smithy:15:11
[20:07:56] Recompiling /Users/sofigarg/Desktop/opensearch-api-specification-1/model/common_enums.smithy (with temporary content Optional[/var/folders/nn/63tk2_d96mzf32qwypk1l7km0000gs/T/smithy-lsp5787791706565769474/de6e4c3280a84590ccfc07add8325562.smithy]) raised 1  diagnostics
[20:07:57] Hashed filename /Users/sofigarg/Desktop/opensearch-api-specification-1/model/common_enums.smithy into /var/folders/nn/63tk2_d96mzf32qwypk1l7km0000gs/T/smithy-lsp5787791706565769474/de6e4c3280a84590ccfc07add8325562.smithy
[20:07:57] [ERROR] OpenSearch#OpenSearch: Unable to resolve trait `aws.protocols#restJson1`. If this is a custom trait, then it must be defined before it can be used in a model. | Model /Users/sofigarg/Desktop/opensearch-api-specification-1/model/opensearch.smithy:15:11
[20:07:57] Recompiling /Users/sofigarg/Desktop/opensearch-api-specification-1/model/common_enums.smithy (with temporary content Optional[/var/folders/nn/63tk2_d96mzf32qwypk1l7km0000gs/T/smithy-lsp5787791706565769474/de6e4c3280a84590ccfc07add8325562.smithy]) raised 1  diagnostics
[20:07:58] [ERROR] OpenSearch#OpenSearch: Unable to resolve trait `aws.protocols#restJson1`. If this is a custom trait, then it must be defined before it can be used in a model. | Model /Users/sofigarg/Desktop/opensearch-api-specification-1/model/opensearch.smithy:15:11
[20:07:58] Recompiling /Users/sofigarg/Desktop/opensearch-api-specification-1/model/common_enums.smithy (with temporary content Optional.empty) raised 1  diagnostics
[20:08:23] [ERROR] OpenSearch#OpenSearch: Unable to resolve trait `aws.protocols#restJson1`. If this is a custom trait, then it must be defined before it can be used in a model. | Model /Users/sofigarg/Desktop/opensearch-api-specification-1/model/opensearch.smithy:15:11
[20:08:23] Recompiling /Users/sofigarg/Desktop/opensearch-api-specification-1/model/opensearch.smithy (with temporary content Optional.empty) raised 1  diagnostics
[20:08:27] Hashed filename /Users/sofigarg/Desktop/opensearch-api-specification-1/model/opensearch.smithy into /var/folders/nn/63tk2_d96mzf32qwypk1l7km0000gs/T/smithy-lsp5787791706565769474/85651699695472c41d5b2b1ffbe32b66.smithy
[20:08:27] [ERROR] OpenSearch#OpenSearch: Unable to resolve trait `aws.protocols#restJson1`. If this is a custom trait, then it must be defined before it can be used in a model. | Model /var/folders/nn/63tk2_d96mzf32qwypk1l7km0000gs/T/smithy-lsp5787791706565769474/85651699695472c41d5b2b1ffbe32b66.smithy:15:11
[20:08:27] Recompiling /Users/sofigarg/Desktop/opensearch-api-specification-1/model/opensearch.smithy (with temporary content Optional[/var/folders/nn/63tk2_d96mzf32qwypk1l7km0000gs/T/smithy-lsp5787791706565769474/85651699695472c41d5b2b1ffbe32b66.smithy]) raised 1  diagnostics
[20:08:27] Hashed filename /Users/sofigarg/Desktop/opensearch-api-specification-1/model/opensearch.smithy into /var/folders/nn/63tk2_d96mzf32qwypk1l7km0000gs/T/smithy-lsp5787791706565769474/85651699695472c41d5b2b1ffbe32b66.smithy
[20:08:27] [ERROR] OpenSearch#OpenSearch: Unable to resolve trait `aws.protocols#restJson1`. If this is a custom trait, then it must be defined before it can be used in a model. | Model /var/folders/nn/63tk2_d96mzf32qwypk1l7km0000gs/T/smithy-lsp5787791706565769474/85651699695472c41d5b2b1ffbe32b66.smithy:15:11
[20:08:27] Recompiling /Users/sofigarg/Desktop/opensearch-api-specification-1/model/opensearch.smithy (with temporary content Optional[/var/folders/nn/63tk2_d96mzf32qwypk1l7km0000gs/T/smithy-lsp5787791706565769474/85651699695472c41d5b2b1ffbe32b66.smithy]) raised 1  diagnostics
[20:08:28] [ERROR] OpenSearch#OpenSearch: Unable to resolve trait `aws.protocols#restJson1`. If this is a custom trait, then it must be defined before it can be used in a model. | Model /Users/sofigarg/Desktop/opensearch-api-specification-1/model/opensearch.smithy:15:11
[20:08:28] Recompiling /Users/sofigarg/Desktop/opensearch-api-specification-1/model/opensearch.smithy (with temporary content Optional.empty) raised 1  diagnostics
[20:08:34] Hashed filename /Users/sofigarg/Desktop/opensearch-api-specification-1/model/opensearch.smithy into /var/folders/nn/63tk2_d96mzf32qwypk1l7km0000gs/T/smithy-lsp5787791706565769474/85651699695472c41d5b2b1ffbe32b66.smithy
[20:08:34] [ERROR] OpenSearch#OpenSearch: Unable to resolve trait `aws.protocols#restJson1`. If this is a custom trait, then it must be defined before it can be used in a model. | Model /var/folders/nn/63tk2_d96mzf32qwypk1l7km0000gs/T/smithy-lsp5787791706565769474/85651699695472c41d5b2b1ffbe32b66.smithy:15:11
[20:08:34] Recompiling /Users/sofigarg/Desktop/opensearch-api-specification-1/model/opensearch.smithy (with temporary content Optional[/var/folders/nn/63tk2_d96mzf32qwypk1l7km0000gs/T/smithy-lsp5787791706565769474/85651699695472c41d5b2b1ffbe32b66.smithy]) raised 1  diagnostics
[20:08:35] [ERROR] OpenSearch#OpenSearch: Unable to resolve trait `aws.protocols#restJson1`. If this is a custom trait, then it must be defined before it can be used in a model. | Model /Users/sofigarg/Desktop/opensearch-api-specification-1/model/opensearch.smithy:15:11
[20:08:35] Recompiling /Users/sofigarg/Desktop/opensearch-api-specification-1/model/opensearch.smithy (with temporary content Optional.empty) raised 1  diagnostics
[20:08:36] Hashed filename /Users/sofigarg/Desktop/opensearch-api-specification-1/model/opensearch.smithy into /var/folders/nn/63tk2_d96mzf32qwypk1l7km0000gs/T/smithy-lsp5787791706565769474/85651699695472c41d5b2b1ffbe32b66.smithy
[20:08:36] [ERROR] OpenSearch#OpenSearch: Unable to resolve trait `aws.protocols#restJson1`. If this is a custom trait, then it must be defined before it can be used in a model. | Model /var/folders/nn/63tk2_d96mzf32qwypk1l7km0000gs/T/smithy-lsp5787791706565769474/85651699695472c41d5b2b1ffbe32b66.smithy:15:11
[20:08:36] Recompiling /Users/sofigarg/Desktop/opensearch-api-specification-1/model/opensearch.smithy (with temporary content Optional[/var/folders/nn/63tk2_d96mzf32qwypk1l7km0000gs/T/smithy-lsp5787791706565769474/85651699695472c41d5b2b1ffbe32b66.smithy]) raised 1  diagnostics
[20:08:36] [ERROR] OpenSearch#OpenSearch: Unable to resolve trait `aws.protocols#restJson1`. If this is a custom trait, then it must be defined before it can be used in a model. | Model /Users/sofigarg/Desktop/opensearch-api-specification-1/model/opensearch.smithy:15:11
[20:08:36] Recompiling /Users/sofigarg/Desktop/opensearch-api-specification-1/model/opensearch.smithy (with temporary content Optional.empty) raised 1  diagnostics
[20:08:41] Hashed filename /Users/sofigarg/Desktop/opensearch-api-specification-1/model/opensearch.smithy into /var/folders/nn/63tk2_d96mzf32qwypk1l7km0000gs/T/smithy-lsp5787791706565769474/85651699695472c41d5b2b1ffbe32b66.smithy
[20:08:41] [ERROR] OpenSearch#OpenSearch: Unable to resolve trait `aws.protocols#restJson1`. If this is a custom trait, then it must be defined before it can be used in a model. | Model /var/folders/nn/63tk2_d96mzf32qwypk1l7km0000gs/T/smithy-lsp5787791706565769474/85651699695472c41d5b2b1ffbe32b66.smithy:15:11
[20:08:41] Recompiling /Users/sofigarg/Desktop/opensearch-api-specification-1/model/opensearch.smithy (with temporary content Optional[/var/folders/nn/63tk2_d96mzf32qwypk1l7km0000gs/T/smithy-lsp5787791706565769474/85651699695472c41d5b2b1ffbe32b66.smithy]) raised 1  diagnostics
[20:08:41] Hashed filename /Users/sofigarg/Desktop/opensearch-api-specification-1/model/opensearch.smithy into /var/folders/nn/63tk2_d96mzf32qwypk1l7km0000gs/T/smithy-lsp5787791706565769474/85651699695472c41d5b2b1ffbe32b66.smithy
[20:08:41] [ERROR] OpenSearch#OpenSearch: Unable to resolve trait `aws.protocols#restJson1`. If this is a custom trait, then it must be defined before it can be used in a model. | Model /var/folders/nn/63tk2_d96mzf32qwypk1l7km0000gs/T/smithy-lsp5787791706565769474/85651699695472c41d5b2b1ffbe32b66.smithy:15:11
[20:08:41] Recompiling /Users/sofigarg/Desktop/opensearch-api-specification-1/model/opensearch.smithy (with temporary content Optional[/var/folders/nn/63tk2_d96mzf32qwypk1l7km0000gs/T/smithy-lsp5787791706565769474/85651699695472c41d5b2b1ffbe32b66.smithy]) raised 1  diagnostics
[20:08:42] [ERROR] OpenSearch#OpenSearch: Unable to resolve trait `aws.protocols#restJson1`. If this is a custom trait, then it must be defined before it can be used in a model. | Model /Users/sofigarg/Desktop/opensearch-api-specification-1/model/opensearch.smithy:15:11
[20:08:42] Recompiling /Users/sofigarg/Desktop/opensearch-api-specification-1/model/opensearch.smithy (with temporary content Optional.empty) raised 1  diagnostics
[20:08:53] [ERROR] OpenSearch#OpenSearch: Unable to resolve trait `aws.protocols#restJson1`. If this is a custom trait, then it must be defined before it can be used in a model. | Model /Users/sofigarg/Desktop/opensearch-api-specification-1/model/opensearch.smithy:15:11
[20:08:53] Recompiling /Users/sofigarg/Desktop/opensearch-api-specification-1/model/cat/indices/cat_indicies/structures.smithy (with temporary content Optional.empty) raised 1  diagnostics
[20:09:34] [ERROR] OpenSearch#OpenSearch: Unable to resolve trait `aws.protocols#restJson1`. If this is a custom trait, then it must be defined before it can be used in a model. | Model /Users/sofigarg/Desktop/opensearch-api-specification-1/model/opensearch.smithy:15:11
[20:09:34] Recompiling /Users/sofigarg/Desktop/opensearch-api-specification-1/model/cat/indices/cat_indicies/structures.smithy (with temporary content Optional.empty) raised 1  diagnostics
[20:09:34] [ERROR] OpenSearch#OpenSearch: Unable to resolve trait `aws.protocols#restJson1`. If this is a custom trait, then it must be defined before it can be used in a model. | Model /Users/sofigarg/Desktop/opensearch-api-specification-1/model/opensearch.smithy:15:11
[20:09:34] Recompiling /Users/sofigarg/Desktop/opensearch-api-specification-1/model/cat/indices/cat_indicies/operations.smithy (with temporary content Optional.empty) raised 1  diagnostics
[20:09:36] [ERROR] OpenSearch#OpenSearch: Unable to resolve trait `aws.protocols#restJson1`. If this is a custom trait, then it must be defined before it can be used in a model. | Model /Users/sofigarg/Desktop/opensearch-api-specification-1/model/opensearch.smithy:15:11
[20:09:36] Recompiling /Users/sofigarg/Desktop/opensearch-api-specification-1/model/cat/indices/cat_indicies/operations.smithy (with temporary content Optional.empty) raised 1  diagnostics
[20:09:36] [ERROR] OpenSearch#OpenSearch: Unable to resolve trait `aws.protocols#restJson1`. If this is a custom trait, then it must be defined before it can be used in a model. | Model /Users/sofigarg/Desktop/opensearch-api-specification-1/model/opensearch.smithy:15:11
[20:09:36] Recompiling /Users/sofigarg/Desktop/opensearch-api-specification-1/model/cat/indices/cat_indicies/structures.smithy (with temporary content Optional.empty) raised 1  diagnostics
[20:09:55] [ERROR] OpenSearch#OpenSearch: Unable to resolve trait `aws.protocols#restJson1`. If this is a custom trait, then it must be defined before it can be used in a model. | Model /Users/sofigarg/Desktop/opensearch-api-specification-1/model/opensearch.smithy:15:11
[20:09:55] Recompiling /Users/sofigarg/Desktop/opensearch-api-specification-1/model/cat/indices/cat_indicies/structures.smithy (with temporary content Optional.empty) raised 1  diagnostics
[20:09:55] [ERROR] OpenSearch#OpenSearch: Unable to resolve trait `aws.protocols#restJson1`. If this is a custom trait, then it must be defined before it can be used in a model. | Model /Users/sofigarg/Desktop/opensearch-api-specification-1/model/opensearch.smithy:15:11
[20:09:55] Recompiling /Users/sofigarg/Desktop/opensearch-api-specification-1/model/cat/nodes/cat_nodes/structures.smithy (with temporary content Optional.empty) raised 1  diagnostics
[20:10:07] Hashed filename /Users/sofigarg/Desktop/opensearch-api-specification-1/model/cat/nodes/cat_nodes/structures.smithy into /var/folders/nn/63tk2_d96mzf32qwypk1l7km0000gs/T/smithy-lsp5787791706565769474/44283bae91fa8848f34e495d3d3474be.smithy
[20:10:07] [ERROR] OpenSearch#OpenSearch: Unable to resolve trait `aws.protocols#restJson1`. If this is a custom trait, then it must be defined before it can be used in a model. | Model /Users/sofigarg/Desktop/opensearch-api-specification-1/model/opensearch.smithy:15:11
[20:10:07] Recompiling /Users/sofigarg/Desktop/opensearch-api-specification-1/model/cat/nodes/cat_nodes/structures.smithy (with temporary content Optional[/var/folders/nn/63tk2_d96mzf32qwypk1l7km0000gs/T/smithy-lsp5787791706565769474/44283bae91fa8848f34e495d3d3474be.smithy]) raised 1  diagnostics
[20:10:07] Hashed filename /Users/sofigarg/Desktop/opensearch-api-specification-1/model/cat/nodes/cat_nodes/structures.smithy into /var/folders/nn/63tk2_d96mzf32qwypk1l7km0000gs/T/smithy-lsp5787791706565769474/44283bae91fa8848f34e495d3d3474be.smithy
[20:10:07] [ERROR] OpenSearch#OpenSearch: Unable to resolve trait `aws.protocols#restJson1`. If this is a custom trait, then it must be defined before it can be used in a model. | Model /Users/sofigarg/Desktop/opensearch-api-specification-1/model/opensearch.smithy:15:11
[20:10:07] Recompiling /Users/sofigarg/Desktop/opensearch-api-specification-1/model/cat/nodes/cat_nodes/structures.smithy (with temporary content Optional[/var/folders/nn/63tk2_d96mzf32qwypk1l7km0000gs/T/smithy-lsp5787791706565769474/44283bae91fa8848f34e495d3d3474be.smithy]) raised 1  diagnostics
[20:10:08] Hashed filename /Users/sofigarg/Desktop/opensearch-api-specification-1/model/cat/nodes/cat_nodes/structures.smithy into /var/folders/nn/63tk2_d96mzf32qwypk1l7km0000gs/T/smithy-lsp5787791706565769474/44283bae91fa8848f34e495d3d3474be.smithy
[20:10:08] [ERROR] OpenSearch#OpenSearch: Unable to resolve trait `aws.protocols#restJson1`. If this is a custom trait, then it must be defined before it can be used in a model. | Model /Users/sofigarg/Desktop/opensearch-api-specification-1/model/opensearch.smithy:15:11
[20:10:08] Recompiling /Users/sofigarg/Desktop/opensearch-api-specification-1/model/cat/nodes/cat_nodes/structures.smithy (with temporary content Optional[/var/folders/nn/63tk2_d96mzf32qwypk1l7km0000gs/T/smithy-lsp5787791706565769474/44283bae91fa8848f34e495d3d3474be.smithy]) raised 1  diagnostics
[20:10:09] [ERROR] OpenSearch#OpenSearch: Unable to resolve trait `aws.protocols#restJson1`. If this is a custom trait, then it must be defined before it can be used in a model. | Model /Users/sofigarg/Desktop/opensearch-api-specification-1/model/opensearch.smithy:15:11
[20:10:09] Recompiling /Users/sofigarg/Desktop/opensearch-api-specification-1/model/cat/nodes/cat_nodes/structures.smithy (with temporary content Optional.empty) raised 1  diagnostics
[20:10:13] [ERROR] OpenSearch#OpenSearch: Unable to resolve trait `aws.protocols#restJson1`. If this is a custom trait, then it must be defined before it can be used in a model. | Model /Users/sofigarg/Desktop/opensearch-api-specification-1/model/opensearch.smithy:15:11
[20:10:13] Recompiling /Users/sofigarg/Desktop/opensearch-api-specification-1/model/cat/nodes/cat_nodes/operations.smithy (with temporary content Optional.empty) raised 1  diagnostics
[20:10:14] [ERROR] OpenSearch#OpenSearch: Unable to resolve trait `aws.protocols#restJson1`. If this is a custom trait, then it must be defined before it can be used in a model. | Model /Users/sofigarg/Desktop/opensearch-api-specification-1/model/opensearch.smithy:15:11
[20:10:14] Recompiling /Users/sofigarg/Desktop/opensearch-api-specification-1/model/cat/nodes/cat_nodes/operations.smithy (with temporary content Optional.empty) raised 1  diagnostics
[20:10:14] [ERROR] OpenSearch#OpenSearch: Unable to resolve trait `aws.protocols#restJson1`. If this is a custom trait, then it must be defined before it can be used in a model. | Model /Users/sofigarg/Desktop/opensearch-api-specification-1/model/opensearch.smithy:15:11
[20:10:14] Recompiling /Users/sofigarg/Desktop/opensearch-api-specification-1/model/cat/indices/cat_indicies/structures.smithy (with temporary content Optional.empty) raised 1  diagnostics
[20:10:14] [ERROR] OpenSearch#OpenSearch: Unable to resolve trait `aws.protocols#restJson1`. If this is a custom trait, then it must be defined before it can be used in a model. | Model /Users/sofigarg/Desktop/opensearch-api-specification-1/model/opensearch.smithy:15:11
[20:10:14] Recompiling /Users/sofigarg/Desktop/opensearch-api-specification-1/model/cat/indices/cat_indicies/structures.smithy (with temporary content Optional.empty) raised 1  diagnostics
[20:10:14] [ERROR] OpenSearch#OpenSearch: Unable to resolve trait `aws.protocols#restJson1`. If this is a custom trait, then it must be defined before it can be used in a model. | Model /Users/sofigarg/Desktop/opensearch-api-specification-1/model/opensearch.smithy:15:11
[20:10:14] Recompiling /Users/sofigarg/Desktop/opensearch-api-specification-1/model/cat/indices/cat_indicies/operations.smithy (with temporary content Optional.empty) raised 1  diagnostics
[20:10:19] [ERROR] OpenSearch#OpenSearch: Unable to resolve trait `aws.protocols#restJson1`. If this is a custom trait, then it must be defined before it can be used in a model. | Model /Users/sofigarg/Desktop/opensearch-api-specification-1/model/opensearch.smithy:15:11
[20:10:19] Recompiling /Users/sofigarg/Desktop/opensearch-api-specification-1/model/cat/indices/cat_indicies/operations.smithy (with temporary content Optional.empty) raised 1  diagnostics
[20:10:19] [ERROR] OpenSearch#OpenSearch: Unable to resolve trait `aws.protocols#restJson1`. If this is a custom trait, then it must be defined before it can be used in a model. | Model /Users/sofigarg/Desktop/opensearch-api-specification-1/model/opensearch.smithy:15:11
[20:10:19] Recompiling /Users/sofigarg/Desktop/opensearch-api-specification-1/model/indices/delete/operations.smithy (with temporary content Optional.empty) raised 1  diagnostics
[20:10:20] [ERROR] OpenSearch#OpenSearch: Unable to resolve trait `aws.protocols#restJson1`. If this is a custom trait, then it must be defined before it can be used in a model. | Model /Users/sofigarg/Desktop/opensearch-api-specification-1/model/opensearch.smithy:15:11
[20:10:20] Recompiling /Users/sofigarg/Desktop/opensearch-api-specification-1/model/indices/delete/operations.smithy (with temporary content Optional.empty) raised 1  diagnostics
[20:10:20] [ERROR] OpenSearch#OpenSearch: Unable to resolve trait `aws.protocols#restJson1`. If this is a custom trait, then it must be defined before it can be used in a model. | Model /Users/sofigarg/Desktop/opensearch-api-specification-1/model/opensearch.smithy:15:11
[20:10:20] Recompiling /Users/sofigarg/Desktop/opensearch-api-specification-1/model/indices/delete/structures.smithy (with temporary content Optional.empty) raised 1  diagnostics
[20:10:29] [ERROR] OpenSearch#OpenSearch: Unable to resolve trait `aws.protocols#restJson1`. If this is a custom trait, then it must be defined before it can be used in a model. | Model /Users/sofigarg/Desktop/opensearch-api-specification-1/model/opensearch.smithy:15:11
[20:10:29] Recompiling /Users/sofigarg/Desktop/opensearch-api-specification-1/model/indices/delete/structures.smithy (with temporary content Optional.empty) raised 1  diagnostics
[20:12:43] [ERROR] OpenSearch#OpenSearch: Unable to resolve trait `aws.protocols#restJson1`. If this is a custom trait, then it must be defined before it can be used in a model. | Model /Users/sofigarg/Desktop/opensearch-api-specification-1/model/opensearch.smithy:15:11
[20:12:43] Recompiling /Users/sofigarg/Desktop/opensearch-api-specification-1/model/indices/delete/operations.smithy (with temporary content Optional.empty) raised 1  diagnostics
[20:12:44] [ERROR] OpenSearch#OpenSearch: Unable to resolve trait `aws.protocols#restJson1`. If this is a custom trait, then it must be defined before it can be used in a model. | Model /Users/sofigarg/Desktop/opensearch-api-specification-1/model/opensearch.smithy:15:11
[20:12:44] Recompiling /Users/sofigarg/Desktop/opensearch-api-specification-1/model/indices/delete/operations.smithy (with temporary content Optional.empty) raised 1  diagnostics
[20:12:44] [ERROR] OpenSearch#OpenSearch: Unable to resolve trait `aws.protocols#restJson1`. If this is a custom trait, then it must be defined before it can be used in a model. | Model /Users/sofigarg/Desktop/opensearch-api-specification-1/model/opensearch.smithy:15:11
[20:12:44] Recompiling /Users/sofigarg/Desktop/opensearch-api-specification-1/model/indices/delete/structures.smithy (with temporary content Optional.empty) raised 1  diagnostics
[20:12:49] [ERROR] OpenSearch#OpenSearch: Unable to resolve trait `aws.protocols#restJson1`. If this is a custom trait, then it must be defined before it can be used in a model. | Model /Users/sofigarg/Desktop/opensearch-api-specification-1/model/opensearch.smithy:15:11
[20:12:49] Recompiling /Users/sofigarg/Desktop/opensearch-api-specification-1/model/indices/delete/structures.smithy (with temporary content Optional.empty) raised 1  diagnostics
[20:12:49] [ERROR] OpenSearch#OpenSearch: Unable to resolve trait `aws.protocols#restJson1`. If this is a custom trait, then it must be defined before it can be used in a model. | Model /Users/sofigarg/Desktop/opensearch-api-specification-1/model/opensearch.smithy:15:11
[20:12:49] Recompiling /Users/sofigarg/Desktop/opensearch-api-specification-1/model/cat/indices/cat_indicies/operations.smithy (with temporary content Optional.empty) raised 1  diagnostics
[20:12:49] [ERROR] OpenSearch#OpenSearch: Unable to resolve trait `aws.protocols#restJson1`. If this is a custom trait, then it must be defined before it can be used in a model. | Model /Users/sofigarg/Desktop/opensearch-api-specification-1/model/opensearch.smithy:15:11
[20:12:49] Recompiling /Users/sofigarg/Desktop/opensearch-api-specification-1/model/cat/indices/cat_indicies/operations.smithy (with temporary content Optional.empty) raised 1  diagnostics
[20:12:49] [ERROR] OpenSearch#OpenSearch: Unable to resolve trait `aws.protocols#restJson1`. If this is a custom trait, then it must be defined before it can be used in a model. | Model /Users/sofigarg/Desktop/opensearch-api-specification-1/model/opensearch.smithy:15:11
[20:12:49] Recompiling /Users/sofigarg/Desktop/opensearch-api-specification-1/model/cat/indices/cat_indicies/structures.smithy (with temporary content Optional.empty) raised 1  diagnostics
[20:12:54] [ERROR] OpenSearch#OpenSearch: Unable to resolve trait `aws.protocols#restJson1`. If this is a custom trait, then it must be defined before it can be used in a model. | Model /Users/sofigarg/Desktop/opensearch-api-specification-1/model/opensearch.smithy:15:11
[20:12:54] Recompiling /Users/sofigarg/Desktop/opensearch-api-specification-1/model/cat/indices/cat_indicies/structures.smithy (with temporary content Optional.empty) raised 1  diagnostics
[20:12:54] [ERROR] OpenSearch#OpenSearch: Unable to resolve trait `aws.protocols#restJson1`. If this is a custom trait, then it must be defined before it can be used in a model. | Model /Users/sofigarg/Desktop/opensearch-api-specification-1/model/opensearch.smithy:15:11
[20:12:54] Recompiling /Users/sofigarg/Desktop/opensearch-api-specification-1/model/cat/nodes/cat_nodes/operations.smithy (with temporary content Optional.empty) raised 1  diagnostics
